Arguments: 
  C:\Program Files\nodejs\node.exe C:\Users\Poke\AppData\Roaming\npm\node_modules\yarn\bin\yarn.js

PATH: 
  C:\python2;C:\python2\Scripts;C:\Users\Poke\AppData\Local\Programs\Python\Python39\Scripts\;C:\Users\Poke\AppData\Local\Programs\Python\Python39\;C:\Program Files (x86)\Common Files\Oracle\Java\javapath;C:\Windows\system32;C:\Windows;C:\Windows\System32\Wbem;C:\Windows\System32\WindowsPowerShell\v1.0\;C:\Windows\System32\OpenSSH\;C:\Program Files\NVIDIA Corporation\NVIDIA NvDLISR;C:\Program Files (x86)\NVIDIA Corporation\PhysX\Common;C:\Program Files\Git\cmd;C:\Program Files (x86)\Windows Kits\10\Windows Performance Toolkit\;C:\Program Files\Microsoft Network Monitor 3\;C:\Program Files (x86)\Bitvise SSH Client;C:\Program Files\PuTTY\;C:\Program Files\Docker\Docker\resources\bin;C:\ProgramData\DockerDesktop\version-bin;C:\ProgramData\chocolatey\bin;C:\Program Files\OpenJDK\openjdk-8u292-b10\bin;C:\Program Files\nodejs\;C:\Users\Poke\AppData\Local\Microsoft\WindowsApps;C:\Users\Poke\AppData\Local\Programs\Microsoft VS Code\bin;C:\kube;C:\AppServ\Apache24\bin;C:\AppServ\php7;C:\AppServ\MySQL\bin;C:\Users\Poke\AppData\Local\Android\Sdk\platform-tools;C:\python2;C:\python2\Scripts;C:\Users\Poke\AppData\Roaming\npm;

Yarn version: 
  1.22.4

Node version: 
  15.14.0

Platform: 
  win32 x64

Trace: 
  SyntaxError: E:\devunit\libsignal-protocol-javascript\package.json: Unexpected token } in JSON at position 344
      at JSON.parse (<anonymous>)
      at C:\Users\Poke\AppData\Roaming\npm\node_modules\yarn\lib\cli.js:1625:59
      at Generator.next (<anonymous>)
      at step (C:\Users\Poke\AppData\Roaming\npm\node_modules\yarn\lib\cli.js:310:30)
      at C:\Users\Poke\AppData\Roaming\npm\node_modules\yarn\lib\cli.js:321:13

npm manifest: 
  {
    "name": "libsignal-protocol",
    "repository": "https://github.com/WhisperSystems/libsignal-protocol-javascript.git",
    "version": "1.3.0",
    "license": "GPL-3.0",
    "dependencies": {
      "long": "^3.1.0",
      "bytebuffer": "^3.5.5",
      "protobufjs": "5.0.1"
    },
    "devDependencies": {
      "grunt": "^0.4.5",
      "grunt-cli": "^0.1.13",
    }
  }

yarn manifest: 
  No manifest

Lockfile: 
  No lockfile
